<?xml version="1.0" encoding="UTF-8"?>
<testsuite name="com.board.BoardJpaApplicationTests" tests="1" skipped="0" failures="0" errors="0" timestamp="2023-06-20T02:07:26" hostname="LAPTOP-V46L2HOE" time="0.199">
  <properties/>
  <testcase name="contextLoads()" classname="com.board.BoardJpaApplicationTests" time="0.199"/>
  <system-out><![CDATA[11:07:17.988 [Test worker] DEBUG org.springframework.boot.test.context.SpringBootTestContextBootstrapper -- Neither @ContextConfiguration nor @ContextHierarchy found for test class [BoardJpaApplicationTests]: using SpringBootContextLoader
11:07:17.996 [Test worker] DEBUG org.springframework.test.context.support.AbstractContextLoader -- Could not detect default resource locations for test class [com.board.BoardJpaApplicationTests]: no resource found for suffixes {-context.xml, Context.groovy}.
11:07:17.998 [Test worker] INFO org.springframework.test.context.support.AnnotationConfigContextLoaderUtils -- Could not detect default configuration classes for test class [com.board.BoardJpaApplicationTests]: BoardJpaApplicationTests does not declare any static, non-private, non-final, nested classes annotated with @Configuration.
11:07:18.030 [Test worker] DEBUG org.springframework.boot.test.context.SpringBootTestContextBootstrapper -- Using ContextCustomizers for test class [BoardJpaApplicationTests]: [DisableObservabilityContextCustomizer, PropertyMappingContextCustomizer, Customizer, ExcludeFilterContextCustomizer, DuplicateJsonObjectContextCustomizer, MockitoContextCustomizer, TestRestTemplateContextCustomizer]
11:07:18.118 [Test worker] DEBUG org.springframework.context.annotation.ClassPathScanningCandidateComponentProvider -- Identified candidate component class: file [C:\workspace-spring-tool-suite-4-4.18.1.RELEASE\BoardJPA\build\classes\java\main\com\board\BoardJpaApplication.class]
11:07:18.130 [Test worker] INFO org.springframework.boot.test.context.SpringBootTestContextBootstrapper -- Found @SpringBootConfiguration com.board.BoardJpaApplication for test class com.board.BoardJpaApplicationTests
11:07:18.278 [Test worker] DEBUG org.springframework.boot.test.context.SpringBootTestContextBootstrapper -- Using TestExecutionListeners for test class [BoardJpaApplicationTests]: [ServletTestExecutionListener, DirtiesContextBeforeModesTestExecutionListener, ApplicationEventsTestExecutionListener, MockitoTestExecutionListener, DependencyInjectionTestExecutionListener, DirtiesContextTestExecutionListener, TransactionalTestExecutionListener, SqlScriptsTestExecutionListener, WithSecurityContextTestExecutionListener, EventPublishingTestExecutionListener, ReactorContextTestExecutionListener, RestDocsTestExecutionListener, MockRestServiceServerResetTestExecutionListener, MockMvcPrintOnlyOnFailureTestExecutionListener, WebDriverTestExecutionListener, MockWebServiceServerTestExecutionListener, ResetMocksTestExecutionListener]
11:07:18.280 [Test worker] DEBUG org.springframework.test.context.support.AbstractDirtiesContextTestExecutionListener -- Before test class: class [BoardJpaApplicationTests], class annotated with @DirtiesContext [false] with mode [null]

  .   ____          _            __ _ _
 /\\ / ___'_ __ _ _(_)_ __  __ _ \ \ \ \
( ( )\___ | '_ | '_| | '_ \/ _` | \ \ \ \
 \\/  ___)| |_)| | | | | || (_| |  ) ) ) )
  '  |____| .__|_| |_|_| |_\__, | / / / /
 =========|_|==============|___/=/_/_/_/
 :: Spring Boot ::                (v3.0.7)

2023-06-20T11:07:18.648+09:00  INFO 13252 --- [    Test worker] com.board.BoardJpaApplicationTests       : Starting BoardJpaApplicationTests using Java 17.0.6 with PID 13252 (started by aaa in C:\workspace-spring-tool-suite-4-4.18.1.RELEASE\BoardJPA)
2023-06-20T11:07:18.650+09:00  INFO 13252 --- [    Test worker] com.board.BoardJpaApplicationTests       : No active profile set, falling back to 1 default profile: "default"
2023-06-20T11:07:19.502+09:00  INFO 13252 --- [    Test worker] .s.d.r.c.RepositoryConfigurationDelegate : Bootstrapping Spring Data JPA repositories in DEFAULT mode.
2023-06-20T11:07:19.598+09:00  INFO 13252 --- [    Test worker] .s.d.r.c.RepositoryConfigurationDelegate : Finished Spring Data repository scanning in 87 ms. Found 6 JPA repository interfaces.
2023-06-20T11:07:20.293+09:00  INFO 13252 --- [    Test worker] o.hibernate.jpa.internal.util.LogHelper  : HHH000204: Processing PersistenceUnitInfo [name: default]
2023-06-20T11:07:20.350+09:00  INFO 13252 --- [    Test worker] org.hibernate.Version                    : HHH000412: Hibernate ORM core version 6.1.7.Final
2023-06-20T11:07:20.740+09:00  INFO 13252 --- [    Test worker] com.zaxxer.hikari.HikariDataSource       : HikariPool-1 - Starting...
2023-06-20T11:07:20.746+09:00  WARN 13252 --- [    Test worker] c.zaxxer.hikari.util.DriverDataSource    : Registered driver with driverClassName=oracle.jdbc.driver.OracleDriver was not found, trying direct instantiation.
2023-06-20T11:07:21.139+09:00  INFO 13252 --- [    Test worker] com.zaxxer.hikari.pool.HikariPool        : HikariPool-1 - Added connection oracle.jdbc.driver.T4CConnection@485deee1
2023-06-20T11:07:21.142+09:00  INFO 13252 --- [    Test worker] com.zaxxer.hikari.HikariDataSource       : HikariPool-1 - Start completed.
2023-06-20T11:07:21.161+09:00  INFO 13252 --- [    Test worker] SQL dialect                              : HHH000400: Using dialect: org.hibernate.dialect.Oracle12cDialect
2023-06-20T11:07:21.163+09:00  WARN 13252 --- [    Test worker] org.hibernate.orm.deprecation            : HHH90000026: Oracle12cDialect has been deprecated; use org.hibernate.dialect.OracleDialect instead
2023-06-20T11:07:24.876+09:00  INFO 13252 --- [    Test worker] o.h.e.t.j.p.i.JtaPlatformInitiator       : HHH000490: Using JtaPlatform implementation: [org.hibernate.engine.transaction.jta.platform.internal.NoJtaPlatform]
2023-06-20T11:07:24.888+09:00  INFO 13252 --- [    Test worker] j.LocalContainerEntityManagerFactoryBean : Initialized JPA EntityManagerFactory for persistence unit 'default'
2023-06-20T11:07:26.137+09:00  WARN 13252 --- [    Test worker] JpaBaseConfiguration$JpaWebConfiguration : spring.jpa.open-in-view is enabled by default. Therefore, database queries may be performed during view rendering. Explicitly configure spring.jpa.open-in-view to disable this warning
2023-06-20T11:07:26.304+09:00  INFO 13252 --- [    Test worker] o.s.b.a.w.s.WelcomePageHandlerMapping    : Adding welcome page template: index
************* 스프링 시큐리티 설정 완료 !!! *************
2023-06-20T11:07:26.586+09:00  INFO 13252 --- [    Test worker] o.s.s.web.DefaultSecurityFilterChain     : Will secure any request with [org.springframework.security.web.session.DisableEncodeUrlFilter@23fed844, org.springframework.security.web.context.request.async.WebAsyncManagerIntegrationFilter@7b0f5814, org.springframework.security.web.context.SecurityContextHolderFilter@6e1e9a10, org.springframework.security.web.header.HeaderWriterFilter@10e7ade5, org.springframework.security.web.authentication.logout.LogoutFilter@31cae1e4, org.springframework.security.oauth2.client.web.OAuth2AuthorizationRequestRedirectFilter@6682e9b0, org.springframework.security.oauth2.client.web.OAuth2LoginAuthenticationFilter@27f7db5a, org.springframework.security.web.authentication.UsernamePasswordAuthenticationFilter@5280e62e, org.springframework.security.web.session.ConcurrentSessionFilter@2d4e6bb2, org.springframework.security.web.savedrequest.RequestCacheAwareFilter@2eb6a77f, org.springframework.security.web.servletapi.SecurityContextHolderAwareRequestFilter@4f091800, org.springframework.security.web.authentication.rememberme.RememberMeAuthenticationFilter@5a1e28ee, org.springframework.security.web.authentication.AnonymousAuthenticationFilter@4eef2522, org.springframework.security.web.session.SessionManagementFilter@534f4a65, org.springframework.security.web.access.ExceptionTranslationFilter@5c937c92, org.springframework.security.web.access.intercept.AuthorizationFilter@406ea770]
2023-06-20T11:07:26.589+09:00  WARN 13252 --- [    Test worker] o.s.s.c.a.web.builders.WebSecurity       : You are asking Spring Security to ignore Mvc [pattern='/images/**']. This is not recommended -- please use permitAll via HttpSecurity#authorizeHttpRequests instead.
2023-06-20T11:07:26.589+09:00  INFO 13252 --- [    Test worker] o.s.s.web.DefaultSecurityFilterChain     : Will not secure Mvc [pattern='/images/**']
2023-06-20T11:07:26.589+09:00  WARN 13252 --- [    Test worker] o.s.s.c.a.web.builders.WebSecurity       : You are asking Spring Security to ignore Mvc [pattern='/css/**']. This is not recommended -- please use permitAll via HttpSecurity#authorizeHttpRequests instead.
2023-06-20T11:07:26.589+09:00  INFO 13252 --- [    Test worker] o.s.s.web.DefaultSecurityFilterChain     : Will not secure Mvc [pattern='/css/**']
2023-06-20T11:07:26.590+09:00  WARN 13252 --- [    Test worker] o.s.s.c.a.web.builders.WebSecurity       : You are asking Spring Security to ignore Mvc [pattern='/profile/**']. This is not recommended -- please use permitAll via HttpSecurity#authorizeHttpRequests instead.
2023-06-20T11:07:26.590+09:00  INFO 13252 --- [    Test worker] o.s.s.web.DefaultSecurityFilterChain     : Will not secure Mvc [pattern='/profile/**']
2023-06-20T11:07:26.852+09:00  INFO 13252 --- [    Test worker] com.board.BoardJpaApplicationTests       : Started BoardJpaApplicationTests in 8.514 seconds (process running for 10.021)
]]></system-out>
  <system-err><![CDATA[]]></system-err>
</testsuite>
